<?xml version="1.0" encoding="UTF-8"?>
<coverage generated="1689239639137" clover="3.2.0">
  <project timestamp="1689239639137" name="All files">
    <metrics statements="133" coveredstatements="104" conditionals="42" coveredconditionals="29" methods="29" coveredmethods="22" elements="204" coveredelements="155" complexity="0" loc="133" ncloc="133" packages="1" files="2" classes="2"/>
    <file name="merkle_tree.js" path="/home/runner/work/rc-airdrop/rc-airdrop/src/shared/lib/merkle-tree/merkle_tree.js">
      <metrics statements="1" coveredstatements="1" conditionals="0" coveredconditionals="0" methods="0" coveredmethods="0"/>
      <line num="3" count="1" type="stmt"/>
    </file>
    <file name="merkle_tree_bg.js" path="/home/runner/work/rc-airdrop/rc-airdrop/src/shared/lib/merkle-tree/merkle_tree_bg.js">
      <metrics statements="132" coveredstatements="103" conditionals="42" coveredconditionals="29" methods="29" coveredmethods="22"/>
      <line num="3" count="1" type="stmt"/>
      <line num="6" count="1" type="stmt"/>
      <line num="8" count="1" type="stmt"/>
      <line num="11" count="22" type="stmt"/>
      <line num="14" count="1" type="stmt"/>
      <line num="17" count="12" type="cond" truecount="1" falsecount="1"/>
      <line num="18" count="12" type="stmt"/>
      <line num="19" count="12" type="stmt"/>
      <line num="23" count="12" type="stmt"/>
      <line num="24" count="12" type="stmt"/>
      <line num="25" count="12" type="stmt"/>
      <line num="28" count="1" type="stmt"/>
      <line num="30" count="1" type="stmt"/>
      <line num="33" count="14" type="cond" truecount="4" falsecount="0"/>
      <line num="34" count="1" type="stmt"/>
      <line num="36" count="14" type="stmt"/>
      <line num="40" count="1" type="cond" truecount="1" falsecount="1"/>
      <line num="44" count="1" type="stmt"/>
      <line num="47" count="1" type="cond" truecount="1" falsecount="1"/>
      <line num="49" count="0" type="stmt"/>
      <line num="52" count="0" type="stmt"/>
      <line num="53" count="0" type="stmt"/>
      <line num="54" count="0" type="stmt"/>
      <line num="61" count="12" type="cond" truecount="1" falsecount="1"/>
      <line num="62" count="0" type="stmt"/>
      <line num="63" count="0" type="stmt"/>
      <line num="64" count="0" type="stmt"/>
      <line num="67" count="0" type="stmt"/>
      <line num="68" count="0" type="stmt"/>
      <line num="71" count="12" type="stmt"/>
      <line num="72" count="12" type="stmt"/>
      <line num="74" count="12" type="stmt"/>
      <line num="76" count="12" type="stmt"/>
      <line num="78" count="12" type="stmt"/>
      <line num="79" count="656" type="stmt"/>
      <line num="80" count="656" type="cond" truecount="1" falsecount="1"/>
      <line num="81" count="656" type="stmt"/>
      <line num="84" count="12" type="cond" truecount="1" falsecount="1"/>
      <line num="85" count="0" type="cond" truecount="0" falsecount="2"/>
      <line num="86" count="0" type="stmt"/>
      <line num="88" count="0" type="stmt"/>
      <line num="89" count="0" type="stmt"/>
      <line num="90" count="0" type="stmt"/>
      <line num="92" count="0" type="stmt"/>
      <line num="95" count="12" type="stmt"/>
      <line num="96" count="12" type="stmt"/>
      <line num="100" count="10" type="cond" truecount="2" falsecount="0"/>
      <line num="103" count="1" type="stmt"/>
      <line num="106" count="24" type="cond" truecount="4" falsecount="0"/>
      <line num="107" count="1" type="stmt"/>
      <line num="109" count="24" type="stmt"/>
      <line num="113" count="1" type="cond" truecount="1" falsecount="1"/>
      <line num="117" count="1" type="stmt"/>
      <line num="122" count="1" type="stmt"/>
      <line num="125" count="2" type="stmt"/>
      <line num="126" count="2" type="stmt"/>
      <line num="130" count="12" type="cond" truecount="2" falsecount="0"/>
      <line num="131" count="12" type="stmt"/>
      <line num="132" count="12" type="stmt"/>
      <line num="134" count="12" type="stmt"/>
      <line num="135" count="12" type="stmt"/>
      <line num="138" count="1" type="stmt"/>
      <line num="141" count="5" type="cond" truecount="4" falsecount="0"/>
      <line num="142" count="1" type="stmt"/>
      <line num="144" count="5" type="stmt"/>
      <line num="148" count="4" type="stmt"/>
      <line num="149" count="4" type="stmt"/>
      <line num="150" count="4" type="stmt"/>
      <line num="151" count="8" type="stmt"/>
      <line num="153" count="4" type="stmt"/>
      <line num="154" count="4" type="stmt"/>
      <line num="161" count="4" type="stmt"/>
      <line num="162" count="4" type="stmt"/>
      <line num="163" count="4" type="stmt"/>
      <line num="164" count="4" type="cond" truecount="1" falsecount="1"/>
      <line num="168" count="4" type="cond" truecount="1" falsecount="1"/>
      <line num="169" count="0" type="stmt"/>
      <line num="171" count="4" type="stmt"/>
      <line num="175" count="1" type="stmt"/>
      <line num="176" count="1" type="stmt"/>
      <line num="177" count="1" type="stmt"/>
      <line num="178" count="1" type="stmt"/>
      <line num="179" count="1" type="stmt"/>
      <line num="180" count="2" type="stmt"/>
      <line num="182" count="1" type="stmt"/>
      <line num="190" count="2" type="stmt"/>
      <line num="191" count="2" type="stmt"/>
      <line num="192" count="2" type="stmt"/>
      <line num="193" count="2" type="stmt"/>
      <line num="195" count="2" type="stmt"/>
      <line num="197" count="2" type="stmt"/>
      <line num="198" count="2" type="stmt"/>
      <line num="200" count="2" type="cond" truecount="2" falsecount="0"/>
      <line num="201" count="1" type="stmt"/>
      <line num="202" count="1" type="stmt"/>
      <line num="204" count="2" type="stmt"/>
      <line num="206" count="2" type="stmt"/>
      <line num="216" count="0" type="stmt"/>
      <line num="217" count="0" type="stmt"/>
      <line num="218" count="0" type="stmt"/>
      <line num="219" count="0" type="stmt"/>
      <line num="220" count="0" type="stmt"/>
      <line num="229" count="2" type="stmt"/>
      <line num="230" count="2" type="stmt"/>
      <line num="231" count="2" type="stmt"/>
      <line num="236" count="2" type="stmt"/>
      <line num="237" count="2" type="stmt"/>
      <line num="238" count="2" type="stmt"/>
      <line num="245" count="0" type="stmt"/>
      <line num="246" count="0" type="stmt"/>
      <line num="248" count="0" type="stmt"/>
      <line num="252" count="0" type="stmt"/>
      <line num="253" count="0" type="stmt"/>
      <line num="260" count="4" type="stmt"/>
      <line num="261" count="4" type="stmt"/>
      <line num="262" count="4" type="stmt"/>
      <line num="264" count="4" type="stmt"/>
      <line num="268" count="4" type="stmt"/>
      <line num="269" count="4" type="stmt"/>
      <line num="271" count="4" type="stmt"/>
      <line num="275" count="0" type="stmt"/>
      <line num="276" count="0" type="stmt"/>
      <line num="281" count="10" type="stmt"/>
      <line num="285" count="10" type="stmt"/>
      <line num="286" count="10" type="cond" truecount="1" falsecount="1"/>
      <line num="287" count="10" type="cond" truecount="1" falsecount="1"/>
      <line num="294" count="10" type="stmt"/>
      <line num="295" count="10" type="stmt"/>
      <line num="296" count="10" type="stmt"/>
      <line num="300" count="2" type="stmt"/>
      <line num="301" count="2" type="stmt"/>
      <line num="305" count="0" type="stmt"/>
    </file>
  </project>
</coverage>
