{"/home/runner/work/rc-airdrop/rc-airdrop/src/shared/lib/merkle-tree/merkle_tree.js": {"path":"/home/runner/work/rc-airdrop/rc-airdrop/src/shared/lib/merkle-tree/merkle_tree.js","statementMap":{"0":{"start":{"line":3,"column":0},"end":{"line":3,"column":21}}},"fnMap":{},"branchMap":{},"s":{"0":1},"f":{},"b":{}}
,"/home/runner/work/rc-airdrop/rc-airdrop/src/shared/lib/merkle-tree/merkle_tree_bg.js": {"path":"/home/runner/work/rc-airdrop/rc-airdrop/src/shared/lib/merkle-tree/merkle_tree_bg.js","statementMap":{"0":{"start":{"line":3,"column":1},"end":{"line":3,"column":12}},"1":{"start":{"line":6,"column":13},"end":{"line":6,"column":43}},"2":{"start":{"line":8,"column":0},"end":{"line":8,"column":40}},"3":{"start":{"line":11,"column":1},"end":{"line":11,"column":18}},"4":{"start":{"line":14,"column":16},"end":{"line":14,"column":27}},"5":{"start":{"line":17,"column":1},"end":{"line":17,"column":23}},"6":{"start":{"line":17,"column":16},"end":{"line":17,"column":23}},"7":{"start":{"line":18,"column":1},"end":{"line":18,"column":23}},"8":{"start":{"line":19,"column":1},"end":{"line":19,"column":17}},"9":{"start":{"line":23,"column":13},"end":{"line":23,"column":27}},"10":{"start":{"line":24,"column":1},"end":{"line":24,"column":17}},"11":{"start":{"line":25,"column":1},"end":{"line":25,"column":12}},"12":{"start":{"line":28,"column":22},"end":{"line":28,"column":23}},"13":{"start":{"line":30,"column":25},"end":{"line":30,"column":29}},"14":{"start":{"line":33,"column":1},"end":{"line":35,"column":2}},"15":{"start":{"line":34,"column":2},"end":{"line":34,"column":58}},"16":{"start":{"line":36,"column":1},"end":{"line":36,"column":27}},"17":{"start":{"line":40,"column":1},"end":{"line":42,"column":15}},"18":{"start":{"line":44,"column":24},"end":{"line":44,"column":49}},"19":{"start":{"line":47,"column":1},"end":{"line":58,"column":5}},"20":{"start":{"line":49,"column":4},"end":{"line":49,"column":51}},"21":{"start":{"line":52,"column":16},"end":{"line":52,"column":45}},"22":{"start":{"line":53,"column":4},"end":{"line":53,"column":18}},"23":{"start":{"line":54,"column":4},"end":{"line":57,"column":6}},"24":{"start":{"line":61,"column":1},"end":{"line":69,"column":2}},"25":{"start":{"line":62,"column":14},"end":{"line":62,"column":43}},"26":{"start":{"line":63,"column":14},"end":{"line":63,"column":38}},"27":{"start":{"line":64,"column":2},"end":{"line":66,"column":13}},"28":{"start":{"line":67,"column":2},"end":{"line":67,"column":31}},"29":{"start":{"line":68,"column":2},"end":{"line":68,"column":13}},"30":{"start":{"line":71,"column":11},"end":{"line":71,"column":21}},"31":{"start":{"line":72,"column":11},"end":{"line":72,"column":28}},"32":{"start":{"line":74,"column":13},"end":{"line":74,"column":30}},"33":{"start":{"line":76,"column":14},"end":{"line":76,"column":15}},"34":{"start":{"line":78,"column":1},"end":{"line":82,"column":2}},"35":{"start":{"line":79,"column":15},"end":{"line":79,"column":37}},"36":{"start":{"line":80,"column":2},"end":{"line":80,"column":25}},"37":{"start":{"line":80,"column":19},"end":{"line":80,"column":25}},"38":{"start":{"line":81,"column":2},"end":{"line":81,"column":27}},"39":{"start":{"line":84,"column":1},"end":{"line":93,"column":2}},"40":{"start":{"line":85,"column":2},"end":{"line":87,"column":3}},"41":{"start":{"line":86,"column":3},"end":{"line":86,"column":27}},"42":{"start":{"line":88,"column":2},"end":{"line":88,"column":65}},"43":{"start":{"line":89,"column":15},"end":{"line":89,"column":66}},"44":{"start":{"line":90,"column":14},"end":{"line":90,"column":37}},"45":{"start":{"line":92,"column":2},"end":{"line":92,"column":24}},"46":{"start":{"line":95,"column":1},"end":{"line":95,"column":26}},"47":{"start":{"line":96,"column":1},"end":{"line":96,"column":12}},"48":{"start":{"line":100,"column":1},"end":{"line":100,"column":38}},"49":{"start":{"line":103,"column":25},"end":{"line":103,"column":29}},"50":{"start":{"line":106,"column":1},"end":{"line":108,"column":2}},"51":{"start":{"line":107,"column":2},"end":{"line":107,"column":58}},"52":{"start":{"line":109,"column":1},"end":{"line":109,"column":27}},"53":{"start":{"line":113,"column":1},"end":{"line":115,"column":15}},"54":{"start":{"line":117,"column":24},"end":{"line":120,"column":2}},"55":{"start":{"line":122,"column":0},"end":{"line":122,"column":27}},"56":{"start":{"line":125,"column":1},"end":{"line":125,"column":17}},"57":{"start":{"line":126,"column":1},"end":{"line":126,"column":77}},"58":{"start":{"line":130,"column":1},"end":{"line":130,"column":59}},"59":{"start":{"line":130,"column":32},"end":{"line":130,"column":59}},"60":{"start":{"line":131,"column":13},"end":{"line":131,"column":22}},"61":{"start":{"line":132,"column":1},"end":{"line":132,"column":23}},"62":{"start":{"line":134,"column":1},"end":{"line":134,"column":17}},"63":{"start":{"line":135,"column":1},"end":{"line":135,"column":12}},"64":{"start":{"line":138,"column":26},"end":{"line":138,"column":30}},"65":{"start":{"line":141,"column":1},"end":{"line":143,"column":2}},"66":{"start":{"line":142,"column":2},"end":{"line":142,"column":60}},"67":{"start":{"line":144,"column":1},"end":{"line":144,"column":28}},"68":{"start":{"line":148,"column":13},"end":{"line":148,"column":43}},"69":{"start":{"line":149,"column":13},"end":{"line":149,"column":31}},"70":{"start":{"line":150,"column":1},"end":{"line":152,"column":2}},"71":{"start":{"line":150,"column":14},"end":{"line":150,"column":15}},"72":{"start":{"line":151,"column":2},"end":{"line":151,"column":45}},"73":{"start":{"line":153,"column":1},"end":{"line":153,"column":32}},"74":{"start":{"line":154,"column":1},"end":{"line":154,"column":12}},"75":{"start":{"line":161,"column":14},"end":{"line":161,"column":68}},"76":{"start":{"line":162,"column":14},"end":{"line":162,"column":29}},"77":{"start":{"line":163,"column":13},"end":{"line":163,"column":46}},"78":{"start":{"line":164,"column":1},"end":{"line":164,"column":55}},"79":{"start":{"line":168,"column":1},"end":{"line":170,"column":2}},"80":{"start":{"line":169,"column":2},"end":{"line":169,"column":56}},"81":{"start":{"line":171,"column":1},"end":{"line":171,"column":21}},"82":{"start":{"line":175,"column":1},"end":{"line":175,"column":17}},"83":{"start":{"line":176,"column":13},"end":{"line":176,"column":31}},"84":{"start":{"line":177,"column":15},"end":{"line":177,"column":51}},"85":{"start":{"line":178,"column":16},"end":{"line":178,"column":18}},"86":{"start":{"line":179,"column":1},"end":{"line":181,"column":2}},"87":{"start":{"line":179,"column":14},"end":{"line":179,"column":15}},"88":{"start":{"line":180,"column":2},"end":{"line":180,"column":36}},"89":{"start":{"line":182,"column":1},"end":{"line":182,"column":15}},"90":{"start":{"line":190,"column":1},"end":{"line":207,"column":2}},"91":{"start":{"line":191,"column":20},"end":{"line":191,"column":61}},"92":{"start":{"line":192,"column":2},"end":{"line":192,"column":40}},"93":{"start":{"line":193,"column":15},"end":{"line":193,"column":47}},"94":{"start":{"line":195,"column":2},"end":{"line":195,"column":60}},"95":{"start":{"line":197,"column":13},"end":{"line":197,"column":45}},"96":{"start":{"line":198,"column":13},"end":{"line":198,"column":49}},"97":{"start":{"line":200,"column":2},"end":{"line":203,"column":3}},"98":{"start":{"line":201,"column":3},"end":{"line":201,"column":49}},"99":{"start":{"line":202,"column":3},"end":{"line":202,"column":36}},"100":{"start":{"line":204,"column":2},"end":{"line":204,"column":12}},"101":{"start":{"line":206,"column":2},"end":{"line":206,"column":43}},"102":{"start":{"line":216,"column":1},"end":{"line":216,"column":36}},"103":{"start":{"line":217,"column":1},"end":{"line":217,"column":39}},"104":{"start":{"line":218,"column":12},"end":{"line":218,"column":44}},"105":{"start":{"line":219,"column":13},"end":{"line":219,"column":51}},"106":{"start":{"line":220,"column":1},"end":{"line":220,"column":18}},"107":{"start":{"line":229,"column":1},"end":{"line":229,"column":32}},"108":{"start":{"line":230,"column":12},"end":{"line":230,"column":37}},"109":{"start":{"line":231,"column":14},"end":{"line":235,"column":2}},"110":{"start":{"line":236,"column":14},"end":{"line":236,"column":29}},"111":{"start":{"line":237,"column":13},"end":{"line":237,"column":52}},"112":{"start":{"line":238,"column":1},"end":{"line":238,"column":18}},"113":{"start":{"line":245,"column":14},"end":{"line":245,"column":28}},"114":{"start":{"line":246,"column":2},"end":{"line":246,"column":21}},"115":{"start":{"line":248,"column":2},"end":{"line":248,"column":13}},"116":{"start":{"line":252,"column":14},"end":{"line":252,"column":39}},"117":{"start":{"line":253,"column":2},"end":{"line":253,"column":38}},"118":{"start":{"line":260,"column":2},"end":{"line":260,"column":18}},"119":{"start":{"line":261,"column":14},"end":{"line":261,"column":49}},"120":{"start":{"line":262,"column":2},"end":{"line":262,"column":22}},"121":{"start":{"line":264,"column":2},"end":{"line":264,"column":13}},"122":{"start":{"line":268,"column":14},"end":{"line":268,"column":28}},"123":{"start":{"line":269,"column":2},"end":{"line":269,"column":21}},"124":{"start":{"line":271,"column":2},"end":{"line":271,"column":13}},"125":{"start":{"line":275,"column":14},"end":{"line":275,"column":39}},"126":{"start":{"line":276,"column":2},"end":{"line":276,"column":34}},"127":{"start":{"line":281,"column":1},"end":{"line":281,"column":18}},"128":{"start":{"line":285,"column":13},"end":{"line":285,"column":28}},"129":{"start":{"line":286,"column":13},"end":{"line":286,"column":54}},"130":{"start":{"line":287,"column":12},"end":{"line":293,"column":5}},"131":{"start":{"line":294,"column":12},"end":{"line":294,"column":27}},"132":{"start":{"line":295,"column":1},"end":{"line":295,"column":40}},"133":{"start":{"line":296,"column":1},"end":{"line":296,"column":40}},"134":{"start":{"line":300,"column":13},"end":{"line":300,"column":43}},"135":{"start":{"line":301,"column":1},"end":{"line":301,"column":27}},"136":{"start":{"line":305,"column":1},"end":{"line":305,"column":49}}},"fnMap":{"0":{"name":"__wbg_set_wasm","decl":{"start":{"line":2,"column":16},"end":{"line":2,"column":30}},"loc":{"start":{"line":2,"column":36},"end":{"line":4,"column":1}}},"1":{"name":"getObject","decl":{"start":{"line":10,"column":9},"end":{"line":10,"column":18}},"loc":{"start":{"line":10,"column":24},"end":{"line":12,"column":1}}},"2":{"name":"dropObject","decl":{"start":{"line":16,"column":9},"end":{"line":16,"column":19}},"loc":{"start":{"line":16,"column":25},"end":{"line":20,"column":1}}},"3":{"name":"takeObject","decl":{"start":{"line":22,"column":9},"end":{"line":22,"column":19}},"loc":{"start":{"line":22,"column":25},"end":{"line":26,"column":1}}},"4":{"name":"getUint8Memory0","decl":{"start":{"line":32,"column":9},"end":{"line":32,"column":24}},"loc":{"start":{"line":32,"column":27},"end":{"line":37,"column":1}}},"5":{"name":"(anonymous_5)","decl":{"start":{"line":48,"column":4},"end":{"line":48,"column":5}},"loc":{"start":{"line":48,"column":25},"end":{"line":50,"column":5}}},"6":{"name":"(anonymous_6)","decl":{"start":{"line":51,"column":4},"end":{"line":51,"column":5}},"loc":{"start":{"line":51,"column":25},"end":{"line":58,"column":5}}},"7":{"name":"passStringToWasm0","decl":{"start":{"line":60,"column":9},"end":{"line":60,"column":26}},"loc":{"start":{"line":60,"column":49},"end":{"line":97,"column":1}}},"8":{"name":"isLikeNone","decl":{"start":{"line":99,"column":9},"end":{"line":99,"column":19}},"loc":{"start":{"line":99,"column":23},"end":{"line":101,"column":1}}},"9":{"name":"getInt32Memory0","decl":{"start":{"line":105,"column":9},"end":{"line":105,"column":24}},"loc":{"start":{"line":105,"column":27},"end":{"line":110,"column":1}}},"10":{"name":"getStringFromWasm0","decl":{"start":{"line":124,"column":9},"end":{"line":124,"column":27}},"loc":{"start":{"line":124,"column":38},"end":{"line":127,"column":1}}},"11":{"name":"addHeapObject","decl":{"start":{"line":129,"column":9},"end":{"line":129,"column":22}},"loc":{"start":{"line":129,"column":28},"end":{"line":136,"column":1}}},"12":{"name":"getUint32Memory0","decl":{"start":{"line":140,"column":9},"end":{"line":140,"column":25}},"loc":{"start":{"line":140,"column":28},"end":{"line":145,"column":1}}},"13":{"name":"passArrayJsValueToWasm0","decl":{"start":{"line":147,"column":9},"end":{"line":147,"column":32}},"loc":{"start":{"line":147,"column":48},"end":{"line":155,"column":1}}},"14":{"name":"create_hash_tree","decl":{"start":{"line":160,"column":16},"end":{"line":160,"column":32}},"loc":{"start":{"line":160,"column":40},"end":{"line":165,"column":1}}},"15":{"name":"_assertClass","decl":{"start":{"line":167,"column":9},"end":{"line":167,"column":21}},"loc":{"start":{"line":167,"column":39},"end":{"line":172,"column":1}}},"16":{"name":"getArrayJsValueFromWasm0","decl":{"start":{"line":174,"column":9},"end":{"line":174,"column":33}},"loc":{"start":{"line":174,"column":44},"end":{"line":183,"column":1}}},"17":{"name":"get_hash_proof","decl":{"start":{"line":189,"column":16},"end":{"line":189,"column":30}},"loc":{"start":{"line":189,"column":50},"end":{"line":208,"column":1}}},"18":{"name":"check_proof","decl":{"start":{"line":215,"column":16},"end":{"line":215,"column":27}},"loc":{"start":{"line":215,"column":47},"end":{"line":221,"column":1}}},"19":{"name":"check_hash_value","decl":{"start":{"line":228,"column":16},"end":{"line":228,"column":32}},"loc":{"start":{"line":228,"column":53},"end":{"line":239,"column":1}}},"20":{"name":"(anonymous_20)","decl":{"start":{"line":244,"column":1},"end":{"line":244,"column":2}},"loc":{"start":{"line":244,"column":22},"end":{"line":249,"column":2}}},"21":{"name":"(anonymous_21)","decl":{"start":{"line":251,"column":1},"end":{"line":251,"column":2}},"loc":{"start":{"line":251,"column":8},"end":{"line":254,"column":2}}},"22":{"name":"(anonymous_22)","decl":{"start":{"line":259,"column":1},"end":{"line":259,"column":2}},"loc":{"start":{"line":259,"column":20},"end":{"line":265,"column":2}}},"23":{"name":"(anonymous_23)","decl":{"start":{"line":267,"column":1},"end":{"line":267,"column":2}},"loc":{"start":{"line":267,"column":22},"end":{"line":272,"column":2}}},"24":{"name":"(anonymous_24)","decl":{"start":{"line":274,"column":1},"end":{"line":274,"column":2}},"loc":{"start":{"line":274,"column":8},"end":{"line":277,"column":2}}},"25":{"name":"__wbindgen_object_drop_ref","decl":{"start":{"line":280,"column":16},"end":{"line":280,"column":42}},"loc":{"start":{"line":280,"column":49},"end":{"line":282,"column":1}}},"26":{"name":"__wbindgen_string_get","decl":{"start":{"line":284,"column":16},"end":{"line":284,"column":37}},"loc":{"start":{"line":284,"column":50},"end":{"line":297,"column":1}}},"27":{"name":"__wbindgen_string_new","decl":{"start":{"line":299,"column":16},"end":{"line":299,"column":37}},"loc":{"start":{"line":299,"column":50},"end":{"line":302,"column":1}}},"28":{"name":"__wbindgen_throw","decl":{"start":{"line":304,"column":16},"end":{"line":304,"column":32}},"loc":{"start":{"line":304,"column":45},"end":{"line":306,"column":1}}}},"branchMap":{"0":{"loc":{"start":{"line":17,"column":1},"end":{"line":17,"column":23}},"type":"if","locations":[{"start":{"line":17,"column":1},"end":{"line":17,"column":23}},{"start":{"line":17,"column":1},"end":{"line":17,"column":23}}]},"1":{"loc":{"start":{"line":33,"column":1},"end":{"line":35,"column":2}},"type":"if","locations":[{"start":{"line":33,"column":1},"end":{"line":35,"column":2}},{"start":{"line":33,"column":1},"end":{"line":35,"column":2}}]},"2":{"loc":{"start":{"line":33,"column":5},"end":{"line":33,"column":71}},"type":"binary-expr","locations":[{"start":{"line":33,"column":5},"end":{"line":33,"column":32}},{"start":{"line":33,"column":36},"end":{"line":33,"column":71}}]},"3":{"loc":{"start":{"line":40,"column":1},"end":{"line":42,"column":15}},"type":"cond-expr","locations":[{"start":{"line":41,"column":4},"end":{"line":41,"column":43}},{"start":{"line":42,"column":4},"end":{"line":42,"column":15}}]},"4":{"loc":{"start":{"line":47,"column":1},"end":{"line":58,"column":5}},"type":"cond-expr","locations":[{"start":{"line":48,"column":4},"end":{"line":50,"column":5}},{"start":{"line":51,"column":4},"end":{"line":58,"column":5}}]},"5":{"loc":{"start":{"line":61,"column":1},"end":{"line":69,"column":2}},"type":"if","locations":[{"start":{"line":61,"column":1},"end":{"line":69,"column":2}},{"start":{"line":61,"column":1},"end":{"line":69,"column":2}}]},"6":{"loc":{"start":{"line":80,"column":2},"end":{"line":80,"column":25}},"type":"if","locations":[{"start":{"line":80,"column":2},"end":{"line":80,"column":25}},{"start":{"line":80,"column":2},"end":{"line":80,"column":25}}]},"7":{"loc":{"start":{"line":84,"column":1},"end":{"line":93,"column":2}},"type":"if","locations":[{"start":{"line":84,"column":1},"end":{"line":93,"column":2}},{"start":{"line":84,"column":1},"end":{"line":93,"column":2}}]},"8":{"loc":{"start":{"line":85,"column":2},"end":{"line":87,"column":3}},"type":"if","locations":[{"start":{"line":85,"column":2},"end":{"line":87,"column":3}},{"start":{"line":85,"column":2},"end":{"line":87,"column":3}}]},"9":{"loc":{"start":{"line":100,"column":8},"end":{"line":100,"column":37}},"type":"binary-expr","locations":[{"start":{"line":100,"column":8},"end":{"line":100,"column":23}},{"start":{"line":100,"column":27},"end":{"line":100,"column":37}}]},"10":{"loc":{"start":{"line":106,"column":1},"end":{"line":108,"column":2}},"type":"if","locations":[{"start":{"line":106,"column":1},"end":{"line":108,"column":2}},{"start":{"line":106,"column":1},"end":{"line":108,"column":2}}]},"11":{"loc":{"start":{"line":106,"column":5},"end":{"line":106,"column":71}},"type":"binary-expr","locations":[{"start":{"line":106,"column":5},"end":{"line":106,"column":32}},{"start":{"line":106,"column":36},"end":{"line":106,"column":71}}]},"12":{"loc":{"start":{"line":113,"column":1},"end":{"line":115,"column":15}},"type":"cond-expr","locations":[{"start":{"line":114,"column":4},"end":{"line":114,"column":43}},{"start":{"line":115,"column":4},"end":{"line":115,"column":15}}]},"13":{"loc":{"start":{"line":130,"column":1},"end":{"line":130,"column":59}},"type":"if","locations":[{"start":{"line":130,"column":1},"end":{"line":130,"column":59}},{"start":{"line":130,"column":1},"end":{"line":130,"column":59}}]},"14":{"loc":{"start":{"line":141,"column":1},"end":{"line":143,"column":2}},"type":"if","locations":[{"start":{"line":141,"column":1},"end":{"line":143,"column":2}},{"start":{"line":141,"column":1},"end":{"line":143,"column":2}}]},"15":{"loc":{"start":{"line":141,"column":5},"end":{"line":141,"column":73}},"type":"binary-expr","locations":[{"start":{"line":141,"column":5},"end":{"line":141,"column":33}},{"start":{"line":141,"column":37},"end":{"line":141,"column":73}}]},"16":{"loc":{"start":{"line":164,"column":8},"end":{"line":164,"column":54}},"type":"cond-expr","locations":[{"start":{"line":164,"column":20},"end":{"line":164,"column":29}},{"start":{"line":164,"column":32},"end":{"line":164,"column":54}}]},"17":{"loc":{"start":{"line":168,"column":1},"end":{"line":170,"column":2}},"type":"if","locations":[{"start":{"line":168,"column":1},"end":{"line":170,"column":2}},{"start":{"line":168,"column":1},"end":{"line":170,"column":2}}]},"18":{"loc":{"start":{"line":200,"column":2},"end":{"line":203,"column":3}},"type":"if","locations":[{"start":{"line":200,"column":2},"end":{"line":203,"column":3}},{"start":{"line":200,"column":2},"end":{"line":203,"column":3}}]},"19":{"loc":{"start":{"line":286,"column":13},"end":{"line":286,"column":54}},"type":"cond-expr","locations":[{"start":{"line":286,"column":39},"end":{"line":286,"column":42}},{"start":{"line":286,"column":45},"end":{"line":286,"column":54}}]},"20":{"loc":{"start":{"line":287,"column":12},"end":{"line":293,"column":5}},"type":"cond-expr","locations":[{"start":{"line":288,"column":4},"end":{"line":288,"column":5}},{"start":{"line":289,"column":4},"end":{"line":293,"column":5}}]}},"s":{"0":1,"1":1,"2":1,"3":22,"4":1,"5":12,"6":0,"7":12,"8":12,"9":12,"10":12,"11":12,"12":1,"13":1,"14":14,"15":1,"16":14,"17":1,"18":1,"19":1,"20":0,"21":0,"22":0,"23":0,"24":12,"25":0,"26":0,"27":0,"28":0,"29":0,"30":12,"31":12,"32":12,"33":12,"34":12,"35":656,"36":656,"37":0,"38":656,"39":12,"40":0,"41":0,"42":0,"43":0,"44":0,"45":0,"46":12,"47":12,"48":10,"49":1,"50":24,"51":1,"52":24,"53":1,"54":1,"55":1,"56":2,"57":2,"58":12,"59":3,"60":12,"61":12,"62":12,"63":12,"64":1,"65":5,"66":1,"67":5,"68":4,"69":4,"70":4,"71":4,"72":8,"73":4,"74":4,"75":4,"76":4,"77":4,"78":4,"79":4,"80":0,"81":4,"82":1,"83":1,"84":1,"85":1,"86":1,"87":1,"88":2,"89":1,"90":2,"91":2,"92":2,"93":2,"94":2,"95":2,"96":2,"97":2,"98":1,"99":1,"100":2,"101":2,"102":0,"103":0,"104":0,"105":0,"106":0,"107":2,"108":2,"109":2,"110":2,"111":2,"112":2,"113":0,"114":0,"115":0,"116":0,"117":0,"118":4,"119":4,"120":4,"121":4,"122":4,"123":4,"124":4,"125":0,"126":0,"127":10,"128":10,"129":10,"130":10,"131":10,"132":10,"133":10,"134":2,"135":2,"136":0},"f":{"0":1,"1":22,"2":12,"3":12,"4":14,"5":0,"6":0,"7":12,"8":10,"9":24,"10":2,"11":12,"12":5,"13":4,"14":4,"15":4,"16":1,"17":2,"18":0,"19":2,"20":0,"21":0,"22":4,"23":4,"24":0,"25":10,"26":10,"27":2,"28":0},"b":{"0":[0,12],"1":[1,13],"2":[14,13],"3":[0,1],"4":[1,0],"5":[0,12],"6":[0,656],"7":[0,12],"8":[0,0],"9":[10,10],"10":[1,23],"11":[24,23],"12":[0,1],"13":[3,9],"14":[1,4],"15":[5,4],"16":[0,4],"17":[0,4],"18":[1,1],"19":[10,0],"20":[0,10]}}
}
